{"/Users/stanleyman/Projects/order-manager-app/order-manager-app-server/src/app.js": {"path":"/Users/stanleyman/Projects/order-manager-app/order-manager-app-server/src/app.js","statementMap":{"0":{"start":{"line":9,"column":12},"end":{"line":9,"column":21}},"1":{"start":{"line":13,"column":0},"end":{"line":19,"column":1}},"2":{"start":{"line":14,"column":4},"end":{"line":16,"column":7}},"3":{"start":{"line":15,"column":8},"end":{"line":15,"column":25}},"4":{"start":{"line":18,"column":4},"end":{"line":18,"column":47}},"5":{"start":{"line":22,"column":0},"end":{"line":22,"column":51}},"6":{"start":{"line":24,"column":0},"end":{"line":24,"column":50}},"7":{"start":{"line":25,"column":0},"end":{"line":25,"column":27}},"8":{"start":{"line":28,"column":0},"end":{"line":28,"column":43}},"9":{"start":{"line":31,"column":0},"end":{"line":31,"column":29}}},"fnMap":{"0":{"name":"(anonymous_0)","decl":{"start":{"line":14,"column":21},"end":{"line":14,"column":22}},"loc":{"start":{"line":14,"column":28},"end":{"line":16,"column":5}},"line":14}},"branchMap":{},"s":{"0":1,"1":1,"2":1,"3":1,"4":0,"5":1,"6":1,"7":1,"8":1,"9":1},"f":{"0":1},"b":{},"_coverageSchema":"43e27e138ebf9cfc5966b082cf9a028302ed4184","hash":"90894caf37a70aaeea4aa49062586b449e707dea"}
,"/Users/stanleyman/Projects/order-manager-app/order-manager-app-server/src/commons/constants.js": {"path":"/Users/stanleyman/Projects/order-manager-app/order-manager-app-server/src/commons/constants.js","statementMap":{"0":{"start":{"line":1,"column":30},"end":{"line":1,"column":39}},"1":{"start":{"line":2,"column":27},"end":{"line":2,"column":33}}},"fnMap":{},"branchMap":{},"s":{"0":1,"1":1},"f":{},"b":{},"_coverageSchema":"43e27e138ebf9cfc5966b082cf9a028302ed4184","hash":"cc6c4f13c84fbdbadddf91f2d02ce914e64aac2d"}
,"/Users/stanleyman/Projects/order-manager-app/order-manager-app-server/src/config/db.js": {"path":"/Users/stanleyman/Projects/order-manager-app/order-manager-app-server/src/config/db.js","statementMap":{"0":{"start":{"line":1,"column":0},"end":{"line":1,"column":25}},"1":{"start":{"line":4,"column":18},"end":{"line":4,"column":104}},"2":{"start":{"line":5,"column":25},"end":{"line":19,"column":1}},"3":{"start":{"line":6,"column":2},"end":{"line":18,"column":3}},"4":{"start":{"line":7,"column":4},"end":{"line":12,"column":6}},"5":{"start":{"line":14,"column":4},"end":{"line":14,"column":37}},"6":{"start":{"line":16,"column":4},"end":{"line":16,"column":31}},"7":{"start":{"line":17,"column":4},"end":{"line":17,"column":20}}},"fnMap":{"0":{"name":"(anonymous_0)","decl":{"start":{"line":5,"column":25},"end":{"line":5,"column":26}},"loc":{"start":{"line":5,"column":37},"end":{"line":19,"column":1}},"line":5}},"branchMap":{"0":{"loc":{"start":{"line":4,"column":18},"end":{"line":4,"column":104}},"type":"cond-expr","locations":[{"start":{"line":4,"column":50},"end":{"line":4,"column":75}},{"start":{"line":4,"column":78},"end":{"line":4,"column":104}}],"line":4}},"s":{"0":1,"1":1,"2":1,"3":1,"4":1,"5":1,"6":0,"7":0},"f":{"0":1},"b":{"0":[0,1]},"_coverageSchema":"43e27e138ebf9cfc5966b082cf9a028302ed4184","hash":"965f0bb28462cdb590bcda47fc6e701f0f8f510c"}
,"/Users/stanleyman/Projects/order-manager-app/order-manager-app-server/src/models/food.js": {"path":"/Users/stanleyman/Projects/order-manager-app/order-manager-app-server/src/models/food.js","statementMap":{"0":{"start":{"line":3,"column":19},"end":{"line":20,"column":2}},"1":{"start":{"line":22,"column":11},"end":{"line":22,"column":45}}},"fnMap":{},"branchMap":{},"s":{"0":1,"1":1},"f":{},"b":{},"_coverageSchema":"43e27e138ebf9cfc5966b082cf9a028302ed4184","hash":"53b1be86b8ebfafa8a7e3cc85cc4c2f69d8ca0a2"}
,"/Users/stanleyman/Projects/order-manager-app/order-manager-app-server/src/routes/api/foods.js": {"path":"/Users/stanleyman/Projects/order-manager-app/order-manager-app-server/src/routes/api/foods.js","statementMap":{"0":{"start":{"line":3,"column":15},"end":{"line":3,"column":31}},"1":{"start":{"line":14,"column":0},"end":{"line":30,"column":3}},"2":{"start":{"line":15,"column":4},"end":{"line":29,"column":12}},"3":{"start":{"line":17,"column":12},"end":{"line":22,"column":15}},"4":{"start":{"line":24,"column":22},"end":{"line":29,"column":10}},"5":{"start":{"line":35,"column":0},"end":{"line":72,"column":3}},"6":{"start":{"line":49,"column":19},"end":{"line":49,"column":40}},"7":{"start":{"line":50,"column":4},"end":{"line":71,"column":5}},"8":{"start":{"line":51,"column":8},"end":{"line":56,"column":11}},"9":{"start":{"line":58,"column":8},"end":{"line":70,"column":16}},"10":{"start":{"line":59,"column":26},"end":{"line":64,"column":14}},"11":{"start":{"line":65,"column":26},"end":{"line":70,"column":14}},"12":{"start":{"line":77,"column":0},"end":{"line":91,"column":3}},"13":{"start":{"line":78,"column":4},"end":{"line":90,"column":12}},"14":{"start":{"line":79,"column":22},"end":{"line":84,"column":10}},"15":{"start":{"line":85,"column":22},"end":{"line":90,"column":10}},"16":{"start":{"line":96,"column":0},"end":{"line":133,"column":3}},"17":{"start":{"line":110,"column":19},"end":{"line":110,"column":40}},"18":{"start":{"line":111,"column":4},"end":{"line":132,"column":5}},"19":{"start":{"line":112,"column":8},"end":{"line":117,"column":11}},"20":{"start":{"line":119,"column":8},"end":{"line":131,"column":16}},"21":{"start":{"line":120,"column":26},"end":{"line":125,"column":14}},"22":{"start":{"line":126,"column":26},"end":{"line":131,"column":14}},"23":{"start":{"line":138,"column":0},"end":{"line":152,"column":3}},"24":{"start":{"line":139,"column":4},"end":{"line":151,"column":12}},"25":{"start":{"line":140,"column":22},"end":{"line":145,"column":10}},"26":{"start":{"line":146,"column":22},"end":{"line":151,"column":10}}},"fnMap":{"0":{"name":"(anonymous_0)","decl":{"start":{"line":14,"column":16},"end":{"line":14,"column":17}},"loc":{"start":{"line":14,"column":30},"end":{"line":30,"column":1}},"line":14},"1":{"name":"(anonymous_1)","decl":{"start":{"line":16,"column":14},"end":{"line":16,"column":15}},"loc":{"start":{"line":16,"column":23},"end":{"line":23,"column":9}},"line":16},"2":{"name":"(anonymous_2)","decl":{"start":{"line":24,"column":15},"end":{"line":24,"column":16}},"loc":{"start":{"line":24,"column":22},"end":{"line":29,"column":10}},"line":24},"3":{"name":"(anonymous_3)","decl":{"start":{"line":48,"column":3},"end":{"line":48,"column":4}},"loc":{"start":{"line":48,"column":17},"end":{"line":72,"column":1}},"line":48},"4":{"name":"(anonymous_4)","decl":{"start":{"line":59,"column":18},"end":{"line":59,"column":19}},"loc":{"start":{"line":59,"column":26},"end":{"line":64,"column":14}},"line":59},"5":{"name":"(anonymous_5)","decl":{"start":{"line":65,"column":19},"end":{"line":65,"column":20}},"loc":{"start":{"line":65,"column":26},"end":{"line":70,"column":14}},"line":65},"6":{"name":"(anonymous_6)","decl":{"start":{"line":77,"column":19},"end":{"line":77,"column":20}},"loc":{"start":{"line":77,"column":33},"end":{"line":91,"column":1}},"line":77},"7":{"name":"(anonymous_7)","decl":{"start":{"line":79,"column":14},"end":{"line":79,"column":15}},"loc":{"start":{"line":79,"column":22},"end":{"line":84,"column":10}},"line":79},"8":{"name":"(anonymous_8)","decl":{"start":{"line":85,"column":15},"end":{"line":85,"column":16}},"loc":{"start":{"line":85,"column":22},"end":{"line":90,"column":10}},"line":85},"9":{"name":"(anonymous_9)","decl":{"start":{"line":109,"column":3},"end":{"line":109,"column":4}},"loc":{"start":{"line":109,"column":17},"end":{"line":133,"column":1}},"line":109},"10":{"name":"(anonymous_10)","decl":{"start":{"line":120,"column":18},"end":{"line":120,"column":19}},"loc":{"start":{"line":120,"column":26},"end":{"line":125,"column":14}},"line":120},"11":{"name":"(anonymous_11)","decl":{"start":{"line":126,"column":19},"end":{"line":126,"column":20}},"loc":{"start":{"line":126,"column":26},"end":{"line":131,"column":14}},"line":126},"12":{"name":"(anonymous_12)","decl":{"start":{"line":138,"column":22},"end":{"line":138,"column":23}},"loc":{"start":{"line":138,"column":36},"end":{"line":152,"column":1}},"line":138},"13":{"name":"(anonymous_13)","decl":{"start":{"line":140,"column":14},"end":{"line":140,"column":15}},"loc":{"start":{"line":140,"column":22},"end":{"line":145,"column":10}},"line":140},"14":{"name":"(anonymous_14)","decl":{"start":{"line":146,"column":15},"end":{"line":146,"column":16}},"loc":{"start":{"line":146,"column":22},"end":{"line":151,"column":10}},"line":146}},"branchMap":{"0":{"loc":{"start":{"line":50,"column":4},"end":{"line":71,"column":5}},"type":"if","locations":[{"start":{"line":50,"column":4},"end":{"line":71,"column":5}},{"start":{"line":50,"column":4},"end":{"line":71,"column":5}}],"line":50},"1":{"loc":{"start":{"line":111,"column":4},"end":{"line":132,"column":5}},"type":"if","locations":[{"start":{"line":111,"column":4},"end":{"line":132,"column":5}},{"start":{"line":111,"column":4},"end":{"line":132,"column":5}}],"line":111}},"s":{"0":1,"1":1,"2":4,"3":4,"4":0,"5":1,"6":17,"7":17,"8":6,"9":11,"10":11,"11":0,"12":1,"13":0,"14":0,"15":0,"16":1,"17":6,"18":6,"19":4,"20":2,"21":1,"22":1,"23":1,"24":2,"25":1,"26":1},"f":{"0":4,"1":4,"2":0,"3":17,"4":11,"5":0,"6":0,"7":0,"8":0,"9":6,"10":1,"11":1,"12":2,"13":1,"14":1},"b":{"0":[6,11],"1":[4,2]},"_coverageSchema":"43e27e138ebf9cfc5966b082cf9a028302ed4184","hash":"0db6f11cf3702cf4f868a9aedef95e01fea2a391"}
}
