TN:
SF:/Users/stanleyman/Projects/order-manager-app/order-manager-app-server/src/app.js
FN:14,(anonymous_0)
FNF:1
FNH:1
FNDA:1,(anonymous_0)
DA:9,1
DA:13,1
DA:14,1
DA:15,1
DA:18,0
DA:22,1
DA:24,1
DA:25,1
DA:28,1
DA:31,1
LF:10
LH:9
BRF:0
BRH:0
end_of_record
TN:
SF:/Users/stanleyman/Projects/order-manager-app/order-manager-app-server/src/commons/constants.js
FNF:0
FNH:0
DA:1,1
DA:2,1
LF:2
LH:2
BRF:0
BRH:0
end_of_record
TN:
SF:/Users/stanleyman/Projects/order-manager-app/order-manager-app-server/src/config/db.js
FN:5,(anonymous_0)
FNF:1
FNH:1
FNDA:1,(anonymous_0)
DA:1,1
DA:4,1
DA:5,1
DA:6,1
DA:7,1
DA:14,1
DA:16,0
DA:17,0
LF:8
LH:6
BRDA:4,0,0,0
BRDA:4,0,1,1
BRF:2
BRH:1
end_of_record
TN:
SF:/Users/stanleyman/Projects/order-manager-app/order-manager-app-server/src/models/food.js
FNF:0
FNH:0
DA:3,1
DA:22,1
LF:2
LH:2
BRF:0
BRH:0
end_of_record
TN:
SF:/Users/stanleyman/Projects/order-manager-app/order-manager-app-server/src/routes/api/foods.js
FN:14,(anonymous_0)
FN:16,(anonymous_1)
FN:24,(anonymous_2)
FN:48,(anonymous_3)
FN:59,(anonymous_4)
FN:65,(anonymous_5)
FN:77,(anonymous_6)
FN:79,(anonymous_7)
FN:85,(anonymous_8)
FN:109,(anonymous_9)
FN:120,(anonymous_10)
FN:126,(anonymous_11)
FN:138,(anonymous_12)
FN:140,(anonymous_13)
FN:146,(anonymous_14)
FNF:15
FNH:10
FNDA:4,(anonymous_0)
FNDA:4,(anonymous_1)
FNDA:0,(anonymous_2)
FNDA:17,(anonymous_3)
FNDA:11,(anonymous_4)
FNDA:0,(anonymous_5)
FNDA:0,(anonymous_6)
FNDA:0,(anonymous_7)
FNDA:0,(anonymous_8)
FNDA:6,(anonymous_9)
FNDA:1,(anonymous_10)
FNDA:1,(anonymous_11)
FNDA:2,(anonymous_12)
FNDA:1,(anonymous_13)
FNDA:1,(anonymous_14)
DA:3,1
DA:14,1
DA:15,4
DA:17,4
DA:24,0
DA:35,1
DA:49,17
DA:50,17
DA:51,6
DA:58,11
DA:59,11
DA:65,0
DA:77,1
DA:78,0
DA:79,0
DA:85,0
DA:96,1
DA:110,6
DA:111,6
DA:112,4
DA:119,2
DA:120,1
DA:126,1
DA:138,1
DA:139,2
DA:140,1
DA:146,1
LF:27
LH:22
BRDA:50,0,0,6
BRDA:50,0,1,11
BRDA:111,1,0,4
BRDA:111,1,1,2
BRF:4
BRH:4
end_of_record
